[2023-09-11T16:59:01.122] [ERROR] default - 转码出错 Error: spawn ../../../assets/ffmpeg.exe ENOENT
    at Process.ChildProcess._handle.onexit (internal/child_process.js:267:19)
    at onErrorNT (internal/child_process.js:469:16)
    at processTicksAndRejections (internal/process/task_queues.js:84:21) {
  errno: 'ENOENT',
  code: 'ENOENT',
  syscall: 'spawn ../../../assets/ffmpeg.exe',
  path: '../../../assets/ffmpeg.exe',
  spawnargs: [ '-formats' ]
}
[2023-09-11T17:00:16.954] [ERROR] default - 转码出错 Error: spawn ../../../assets/ffmpeg.exe ENOENT
    at Process.ChildProcess._handle.onexit (internal/child_process.js:267:19)
    at onErrorNT (internal/child_process.js:469:16)
    at processTicksAndRejections (internal/process/task_queues.js:84:21) {
  errno: 'ENOENT',
  code: 'ENOENT',
  syscall: 'spawn ../../../assets/ffmpeg.exe',
  path: '../../../assets/ffmpeg.exe',
  spawnargs: [ '-formats' ]
}
[2023-09-11T17:03:20.390] [ERROR] default - 转码出错 Error: spawn ../../../assets/ffmpeg.exe ENOENT
    at Process.ChildProcess._handle.onexit (internal/child_process.js:267:19)
    at onErrorNT (internal/child_process.js:469:16)
    at processTicksAndRejections (internal/process/task_queues.js:84:21) {
  errno: 'ENOENT',
  code: 'ENOENT',
  syscall: 'spawn ../../../assets/ffmpeg.exe',
  path: '../../../assets/ffmpeg.exe',
  spawnargs: [ '-formats' ]
}
[2023-09-11T17:03:38.995] [ERROR] default - 转码出错 Error: spawn ../../../assets/ffmpeg.exe ENOENT
    at Process.ChildProcess._handle.onexit (internal/child_process.js:267:19)
    at onErrorNT (internal/child_process.js:469:16)
    at processTicksAndRejections (internal/process/task_queues.js:84:21) {
  errno: 'ENOENT',
  code: 'ENOENT',
  syscall: 'spawn ../../../assets/ffmpeg.exe',
  path: '../../../assets/ffmpeg.exe',
  spawnargs: [ '-formats' ]
}
[2023-09-11T17:04:42.603] [ERROR] default - 转码出错 Error: spawn ./ffmpeg.exe ENOENT
    at Process.ChildProcess._handle.onexit (internal/child_process.js:267:19)
    at onErrorNT (internal/child_process.js:469:16)
    at processTicksAndRejections (internal/process/task_queues.js:84:21) {
  errno: 'ENOENT',
  code: 'ENOENT',
  syscall: 'spawn ./ffmpeg.exe',
  path: './ffmpeg.exe',
  spawnargs: [ '-formats' ]
}
[2023-09-11T17:06:59.339] [ERROR] default - 转码出错 Error: spawn ./ffmpeg.exe ENOENT
    at Process.ChildProcess._handle.onexit (internal/child_process.js:267:19)
    at onErrorNT (internal/child_process.js:469:16)
    at processTicksAndRejections (internal/process/task_queues.js:84:21) {
  errno: 'ENOENT',
  code: 'ENOENT',
  syscall: 'spawn ./ffmpeg.exe',
  path: './ffmpeg.exe',
  spawnargs: [ '-formats' ]
}
[2023-09-11T17:08:06.901] [ERROR] default - 转码出错 Error: spawn ./ffmpeg.exe ENOENT
    at Process.ChildProcess._handle.onexit (internal/child_process.js:267:19)
    at onErrorNT (internal/child_process.js:469:16)
    at processTicksAndRejections (internal/process/task_queues.js:84:21) {
  errno: 'ENOENT',
  code: 'ENOENT',
  syscall: 'spawn ./ffmpeg.exe',
  path: './ffmpeg.exe',
  spawnargs: [ '-formats' ]
}
[2023-09-11T17:10:24.313] [ERROR] default - 转码出错 Error: spawn ./ffmpeg.exe ENOENT
    at Process.ChildProcess._handle.onexit (internal/child_process.js:267:19)
    at onErrorNT (internal/child_process.js:469:16)
    at processTicksAndRejections (internal/process/task_queues.js:84:21) {
  errno: 'ENOENT',
  code: 'ENOENT',
  syscall: 'spawn ./ffmpeg.exe',
  path: './ffmpeg.exe',
  spawnargs: [ '-formats' ]
}
